device: cuda
dataset length 9960
bond_distance: tensor(0.0158) tensor(0.2098) tensor(0.0847)
x: tensor(0.1537) tensor(0.8255) tensor(0.1001)
Re-initializing module because the following parameters were re-set: atom_fea_len, classification, energy_mode, h_fea_len, h_fea_len_const, h_fea_len_dist, max_opt_steps, min_opt_steps, momentum, n_conv, n_h_const, n_h_dist, nbr_fea_len, orig_atom_fea_len.
Re-initializing optimizer because the following parameters were re-set: weight_decay.
  epoch    train_loss    valid_loss    cp       dur
-------  ------------  ------------  ----  --------
      1        [36m0.1555[0m        [32m0.1492[0m     +  268.9726
      2        [36m0.1498[0m        0.1744        329.7287
      3        [36m0.1434[0m        0.2347        330.5499
      4        [36m0.1386[0m        [32m0.1382[0m     +  332.4532
      5        [36m0.1317[0m        [32m0.1282[0m     +  331.9443
blow up
blow up
blow up
blow up
blow up
      6        [36m0.1250[0m        0.1737        329.0090
blow up
blow up
blow up
blow up
blow up
blow up
blow up
blow up
blow up
blow up
      7        [36m0.1231[0m        0.1408        326.0702
blow up
      8        [36m0.1177[0m        [32m0.1151[0m     +  331.1933
blow up
      9        [36m0.1166[0m        0.1158        332.3438
     10        [36m0.1106[0m        [32m0.1098[0m     +  331.9721
     11        0.1111        [32m0.1095[0m     +  333.1025
     12        [36m0.1094[0m        [32m0.1061[0m     +  332.7260
     13        [36m0.1043[0m        [32m0.1034[0m     +  332.8201
blow up
     14        0.1079        0.1128        330.3562
     15        0.1047        0.1100        332.4416
     16        0.1064        [32m0.1022[0m     +  331.4720
     17        [36m0.1025[0m        0.1038        331.9799
     18        [36m0.0995[0m        [32m0.1001[0m     +  332.6530
     19        [36m0.0982[0m        0.1014        330.9251
     20        [36m0.0958[0m        0.1022        332.9064
